<?xml version="1.0" encoding="UTF-8"?>
<!-- Generated by org.testng.reporters.JUnitReportReporter -->
<testsuite hostname="Pankaj" failures="0" tests="1" name="com.actitime.testscripts.CustomerModule" time="24.574" errors="0" timestamp="2023-01-31T10:51:30 IST" skipped="0">
  <testcase classname="com.actitime.testscripts.CustomerModule" name="testCreateCustomer" time="24.574"/>
  <system-out>
    <![CDATA[CreateCustomer]]>
  </system-out>
</testsuite> <!-- com.actitime.testscripts.CustomerModule -->
